  Time.cpp
C:\Users\teosa\Desktop\Clock-app\Time.cpp(7,15): warning C4996: 'localtime': This function or variable may be unsafe. Consider using localtime_s instead. To disable deprecation, use _CRT_SECURE_NO_WARNINGS. See online help for details.
C:\Users\teosa\Desktop\Clock-app\Time.cpp(26,15): warning C4996: 'localtime': This function or variable may be unsafe. Consider using localtime_s instead. To disable deprecation, use _CRT_SECURE_NO_WARNINGS. See online help for details.
C:\Users\teosa\Desktop\Clock-app\Time.cpp(51,85): warning C4244: 'initializing': conversion from 'float' to 'int', possible loss of data
C:\Users\teosa\Desktop\Clock-app\Time.cpp(51,104): warning C4244: 'initializing': conversion from 'float' to 'int', possible loss of data
C:\Users\teosa\Desktop\Clock-app\Time.cpp(60,21): warning C4244: 'initializing': conversion from 'double' to 'float', possible loss of data
C:\Users\teosa\Desktop\Clock-app\Time.cpp(69,31): warning C4244: 'argument': conversion from 'int' to 'float', possible loss of data
C:\Users\teosa\Desktop\Clock-app\Time.cpp(73,33): warning C4244: 'argument': conversion from 'int' to 'float', possible loss of data
C:\Users\teosa\Desktop\Clock-app\Time.cpp(73,25): warning C4244: 'argument': conversion from 'int' to 'float', possible loss of data
C:\Users\teosa\Desktop\Clock-app\Time.cpp(74,34): warning C4244: 'argument': conversion from 'int' to 'float', possible loss of data
C:\Users\teosa\Desktop\Clock-app\Time.cpp(74,27): warning C4244: 'argument': conversion from 'int' to 'float', possible loss of data
C:\Users\teosa\Desktop\Clock-app\Time.cpp(79,46): warning C4244: 'argument': conversion from 'const int' to 'T', possible loss of data
C:\Users\teosa\Desktop\Clock-app\Time.cpp(79,46): warning C4244:         with
C:\Users\teosa\Desktop\Clock-app\Time.cpp(79,46): warning C4244:         [
C:\Users\teosa\Desktop\Clock-app\Time.cpp(79,46): warning C4244:             T=float
C:\Users\teosa\Desktop\Clock-app\Time.cpp(79,46): warning C4244:         ]
C:\Users\teosa\Desktop\Clock-app\Time.cpp(82,33): warning C4244: 'argument': conversion from 'int' to 'float', possible loss of data
C:\Users\teosa\Desktop\Clock-app\Time.cpp(82,26): warning C4244: 'argument': conversion from 'int' to 'float', possible loss of data
C:\Users\teosa\Desktop\Clock-app\Time.cpp(83,71): warning C4244: 'argument': conversion from 'double' to 'float', possible loss of data
C:\Users\teosa\Desktop\Clock-app\Time.cpp(88,48): warning C4244: 'argument': conversion from 'const int' to 'T', possible loss of data
C:\Users\teosa\Desktop\Clock-app\Time.cpp(88,48): warning C4244:         with
C:\Users\teosa\Desktop\Clock-app\Time.cpp(88,48): warning C4244:         [
C:\Users\teosa\Desktop\Clock-app\Time.cpp(88,48): warning C4244:             T=float
C:\Users\teosa\Desktop\Clock-app\Time.cpp(88,48): warning C4244:         ]
C:\Users\teosa\Desktop\Clock-app\Time.cpp(91,35): warning C4244: 'argument': conversion from 'int' to 'float', possible loss of data
C:\Users\teosa\Desktop\Clock-app\Time.cpp(91,28): warning C4244: 'argument': conversion from 'int' to 'float', possible loss of data
C:\Users\teosa\Desktop\Clock-app\Time.cpp(92,47): warning C4244: 'argument': conversion from 'int' to 'float', possible loss of data
C:\Users\teosa\Desktop\Clock-app\Time.cpp(97,48): warning C4244: 'argument': conversion from 'const int' to 'T', possible loss of data
C:\Users\teosa\Desktop\Clock-app\Time.cpp(97,48): warning C4244:         with
C:\Users\teosa\Desktop\Clock-app\Time.cpp(97,48): warning C4244:         [
C:\Users\teosa\Desktop\Clock-app\Time.cpp(97,48): warning C4244:             T=float
C:\Users\teosa\Desktop\Clock-app\Time.cpp(97,48): warning C4244:         ]
C:\Users\teosa\Desktop\Clock-app\Time.cpp(100,35): warning C4244: 'argument': conversion from 'int' to 'float', possible loss of data
C:\Users\teosa\Desktop\Clock-app\Time.cpp(100,28): warning C4244: 'argument': conversion from 'int' to 'float', possible loss of data
C:\Users\teosa\Desktop\Clock-app\Time.cpp(101,47): warning C4244: 'argument': conversion from 'int' to 'float', possible loss of data
  main.cpp
C:\Users\teosa\Desktop\Clock-app\main.cpp(2,10): warning C4067: unexpected tokens following preprocessor directive - expected a newline
  Generating Code...
  LINK : C:\Users\teosa\Desktop\Clock-app\x64\Debug\Clock app.exe not found or not built by the last incremental link; performing full link
  Clock app.vcxproj -> C:\Users\teosa\Desktop\Clock-app\x64\Debug\Clock app.exe
